SF:lib/core/flutterwave.dart
DA:31,0
DA:48,0
DA:49,0
DA:50,0
DA:51,0
DA:52,0
DA:53,0
DA:54,0
DA:55,0
DA:56,0
DA:57,0
DA:58,0
DA:59,0
DA:60,0
DA:61,0
DA:66,0
DA:67,0
DA:68,0
DA:69,0
DA:70,0
DA:73,0
DA:74,0
DA:75,0
DA:76,0
DA:77,0
DA:79,0
DA:80,0
DA:83,0
DA:84,0
DA:85,0
DA:88,0
DA:89,0
DA:90,0
DA:91,0
DA:92,0
DA:98,0
LF:36
LH:0
end_of_record
SF:lib/models/requests/customer.dart
DA:8,1
DA:11,1
DA:12,1
DA:13,1
DA:14,1
DA:15,1
DA:17,1
LF:7
LH:7
end_of_record
SF:lib/models/requests/customizations.dart
DA:8,0
DA:11,0
DA:12,0
DA:13,0
DA:14,0
DA:15,0
DA:17,0
LF:7
LH:0
end_of_record
SF:lib/models/requests/standard_request.dart
DA:26,0
DA:39,0
DA:42,0
DA:43,0
DA:44,0
DA:45,0
DA:46,0
DA:47,0
DA:48,0
DA:49,0
DA:50,0
DA:51,0
DA:52,0
DA:53,0
DA:54,0
DA:56,0
DA:60,0
DA:61,0
DA:62,0
DA:64,0
DA:65,0
DA:66,0
DA:69,0
DA:71,0
DA:72,0
DA:73,0
DA:75,0
LF:27
LH:0
end_of_record
SF:lib/models/responses/charge_response.dart
DA:10,0
DA:12,0
DA:13,0
DA:14,0
DA:15,0
DA:16,0
DA:20,0
DA:21,0
DA:22,0
DA:23,0
DA:24,0
DA:25,0
DA:29,0
DA:30,0
LF:14
LH:0
end_of_record
SF:lib/models/responses/standard_response.dart
DA:6,0
DA:8,0
DA:9,0
DA:10,0
DA:11,0
DA:15,0
DA:16,0
DA:17,0
DA:18,0
DA:19,0
DA:27,0
DA:29,0
DA:30,0
DA:34,0
DA:35,0
DA:36,0
LF:16
LH:0
end_of_record
SF:lib/models/subaccount.dart
DA:8,0
DA:16,0
DA:17,0
DA:18,0
DA:19,0
DA:20,0
DA:21,0
LF:7
LH:0
end_of_record
SF:lib/utils.dart
DA:9,0
DA:13,1
DA:14,1
DA:15,2
DA:16,3
DA:17,1
LF:6
LH:5
end_of_record
SF:lib/view/flutterwave_style.dart
DA:20,1
DA:35,1
DA:36,1
DA:40,0
DA:41,0
DA:45,1
DA:46,1
DA:47,0
DA:52,1
DA:53,2
DA:57,0
DA:58,0
DA:59,0
DA:64,0
DA:65,0
DA:69,1
DA:70,1
DA:74,0
DA:75,0
DA:76,0
DA:80,1
DA:81,1
DA:85,0
DA:86,0
DA:90,0
DA:91,0
DA:95,1
DA:96,1
LF:28
LH:13
end_of_record
SF:lib/view/standard_widget.dart
DA:13,0
DA:15,0
DA:16,0
DA:28,0
DA:30,0
DA:31,0
DA:32,0
DA:35,0
DA:37,0
DA:40,0
DA:42,0
DA:43,0
LF:12
LH:0
end_of_record
SF:lib/view/view_utils.dart
DA:7,0
DA:18,0
DA:21,0
DA:23,0
DA:25,0
DA:26,0
DA:27,0
DA:39,0
DA:40,0
DA:41,0
DA:42,0
DA:47,0
DA:48,0
DA:49,0
DA:61,0
DA:70,0
DA:73,0
DA:75,0
DA:78,0
DA:79,0
DA:81,0
DA:83,0
DA:85,0
DA:97,0
DA:98,0
DA:102,0
DA:110,0
DA:113,0
DA:115,0
DA:116,0
DA:117,0
DA:119,0
DA:124,0
DA:125,0
DA:126,0
DA:131,0
DA:132,0
DA:135,0
LF:38
LH:0
end_of_record
SF:lib/models/TransactionError.dart
DA:4,0
DA:6,0
DA:7,0
DA:9,0
DA:11,0
DA:12,0
DA:13,0
DA:15,0
DA:16,0
LF:9
LH:0
end_of_record
SF:lib/view/flutterwave_in_app_browser.dart
DA:12,0
DA:17,0
DA:18,0
DA:21,0
DA:23,0
DA:26,0
DA:27,0
DA:28,0
DA:30,0
DA:34,0
DA:35,0
DA:36,0
DA:37,0
DA:39,0
DA:43,0
DA:44,0
DA:46,0
DA:47,0
DA:48,0
DA:54,0
DA:55,0
DA:56,0
DA:57,0
DA:58,0
DA:59,0
DA:60,0
DA:62,0
DA:64,0
DA:66,0
DA:68,0
DA:73,0
DA:74,0
DA:75,0
DA:76,0
DA:77,0
DA:81,0
DA:83,0
DA:88,0
DA:89,0
DA:90,0
LF:40
LH:0
end_of_record
